Mon Oct 18 10:57:08 2021
 : 56%
-----------------
Mon Oct 18 10:57:13 2021
 : 56%
-----------------
Mon Oct 18 11:10:16 2021
 : 43%
-----------------
Mon Oct 18 11:10:19 2021
 : 43%
-----------------
Mon Oct 18 11:10:22 2021
 : 45%
-----------------
Mon Oct 18 11:10:25 2021
 : 43%
-----------------
Mon Oct 18 11:10:28 2021
 : 45%
-----------------
Mon Oct 18 11:10:31 2021
 : 47%
-----------------
Mon Oct 18 11:11:43 2021
 : 59%
-----------------
Mon Oct 18 11:11:46 2021
 : 59%
-----------------
Mon Oct 18 11:11:49 2021
 : 61%
-----------------
Mon Oct 18 11:11:52 2021
 : 59%
-----------------
Mon Oct 18 11:11:55 2021
 : 61%
-----------------
Mon Oct 18 11:11:58 2021
 : 63%
-----------------
Mon Oct 18 11:12:36 2021
 : 65%
-----------------
Mon Oct 18 11:12:39 2021
 : 65%
-----------------
Mon Oct 18 11:12:42 2021
 : 67%
-----------------
Mon Oct 18 11:12:45 2021
 : 65%
-----------------
Mon Oct 18 11:12:48 2021
 : 67%
-----------------
Mon Oct 18 11:12:51 2021
 : 69%
-----------------
Mon Oct 18 11:14:33 2021
 : 61%
-----------------
Mon Oct 18 11:14:36 2021
 : 61%
-----------------
Mon Oct 18 11:14:39 2021
 : 63%
-----------------
Mon Oct 18 11:14:42 2021
 : 61%
-----------------
Mon Oct 18 11:14:45 2021
 : 63%
-----------------
Mon Oct 18 11:14:48 2021
 : 65%
-----------------
Mon Oct 18 11:15:31 2021
 : 40%
-----------------
Mon Oct 18 11:15:34 2021
 : 40%
-----------------
Mon Oct 18 11:15:37 2021
 : 42%
-----------------
Mon Oct 18 11:15:40 2021
 : 40%
-----------------
Mon Oct 18 11:15:43 2021
 : 42%
-----------------
Mon Oct 18 11:15:46 2021
 : 44%
-----------------
Mon Oct 18 12:37:58 2021
 : 67%
-----------------
Mon Oct 18 12:38:01 2021
 : 67%
-----------------
Mon Oct 18 12:55:30 2021
 : 40%
-----------------
Mon Oct 18 12:55:33 2021
 : 40%
-----------------
Mon Oct 18 12:55:36 2021
 : 42%
-----------------
Mon Oct 18 12:55:39 2021
 : 40%
-----------------
Mon Oct 18 12:55:42 2021
 : 42%
-----------------
Mon Oct 18 12:55:45 2021
 : 44%
-----------------
Mon Oct 18 13:13:05 2021
 : 45%
-----------------
Mon Oct 18 13:13:08 2021
 : 45%
-----------------
Mon Oct 18 13:13:11 2021
 : 47%
-----------------
Mon Oct 18 13:13:14 2021
 : 45%
-----------------
Mon Oct 18 13:13:17 2021
 : 47%
-----------------
Mon Oct 18 13:13:20 2021
 : 49%
-----------------
Mon Oct 18 13:20:02 2021
 : 43%
-----------------
Mon Oct 18 13:20:05 2021
 : 43%
-----------------
Mon Oct 18 13:20:08 2021
 : 41%
-----------------
Mon Oct 18 13:20:11 2021
 : 42%
-----------------
Mon Oct 18 13:20:14 2021
 : 42%
-----------------
Mon Oct 18 13:20:17 2021
 : 41%
-----------------
Mon Oct 18 13:21:19 2021
 : 56%
-----------------
Mon Oct 18 13:21:22 2021
 : 56%
-----------------
Mon Oct 18 13:21:25 2021
 : 54%
-----------------
Mon Oct 18 13:21:28 2021
 : 55%
-----------------
Mon Oct 18 13:21:31 2021
 : 55%
-----------------
Mon Oct 18 13:21:34 2021
 : 54%
-----------------
Mon Oct 18 13:26:05 2021
 : 59.1392%
-----------------
Mon Oct 18 13:26:08 2021
 : 59.3935%
-----------------
Mon Oct 18 13:26:11 2021
 : 58.1668%
-----------------
Mon Oct 18 13:26:14 2021
 : 59.4017%
-----------------
Mon Oct 18 13:26:17 2021
 : 59.7418%
-----------------
Mon Oct 18 13:26:20 2021
 : 59.6612%
-----------------
Mon Oct 18 13:37:15 2021
 : 60.8115%
-----------------
Mon Oct 18 13:37:18 2021
 : 61.0658%
-----------------
Mon Oct 18 13:37:21 2021
 : 59.839%
-----------------
Mon Oct 18 13:37:24 2021
 : 61.074%
-----------------
Mon Oct 18 13:37:27 2021
 : 61.414%
-----------------
Mon Oct 18 13:37:30 2021
 : 61.3335%
-----------------
Mon Oct 18 13:38:39 2021
 : 51.6483%
-----------------
Mon Oct 18 13:38:42 2021
 : 51.9026%
-----------------
Mon Oct 18 13:38:45 2021
 : 50.6759%
-----------------
Mon Oct 18 13:38:48 2021
 : 51.9108%
-----------------
Mon Oct 18 13:38:51 2021
 : 52.2509%
-----------------
Mon Oct 18 13:38:54 2021
 : 52.1704%
-----------------
Mon Oct 18 13:52:40 2021
 : 40%
-----------------
Mon Oct 18 13:52:43 2021
 : 40.2543%
-----------------
Mon Oct 18 13:52:46 2021
 : 40%
-----------------
Mon Oct 18 13:52:49 2021
 : 41.235%
-----------------
Mon Oct 18 13:52:52 2021
 : 41.575%
-----------------
Mon Oct 18 13:52:55 2021
 : 41.4945%
-----------------
Mon Oct 18 13:53:02 2021
 : 41.7418%
-----------------
Mon Oct 18 13:53:05 2021
 : 41.9962%
-----------------
Mon Oct 18 13:53:08 2021
 : 40.7694%
-----------------
Mon Oct 18 13:53:11 2021
 : 42.0043%
-----------------
Mon Oct 18 13:53:14 2021
 : 42.3444%
-----------------
Mon Oct 18 13:53:17 2021
 : 42.2639%
-----------------
Mon Oct 18 13:53:59 2021
 : 40%
-----------------
Mon Oct 18 13:54:02 2021
 : 40.2543%
-----------------
Mon Oct 18 13:54:05 2021
 : 40%
-----------------
Mon Oct 18 13:54:08 2021
 : 41.235%
-----------------
Mon Oct 18 13:54:11 2021
 : 41.575%
-----------------
Mon Oct 18 13:54:14 2021
 : 41.4945%
-----------------
Mon Oct 18 13:54:26 2021
 : 62.5795%
-----------------
Mon Oct 18 13:54:29 2021
 : 62.8339%
-----------------
Mon Oct 18 13:54:32 2021
 : 61.6071%
-----------------
Mon Oct 18 13:54:35 2021
 : 62.8421%
-----------------
Mon Oct 18 13:54:38 2021
 : 63.1821%
-----------------
Mon Oct 18 13:54:41 2021
 : 63.1016%
-----------------
Mon Oct 18 13:54:56 2021
 : 65.8781%
-----------------
Mon Oct 18 13:54:59 2021
 : 66.1324%
-----------------
Mon Oct 18 13:55:02 2021
 : 64.9056%
-----------------
Mon Oct 18 13:55:05 2021
 : 66.1406%
-----------------
Mon Oct 18 13:55:08 2021
 : 66.4806%
-----------------
Mon Oct 18 13:55:11 2021
 : 66.4001%
-----------------
Mon Oct 18 13:55:21 2021
 : 46.6265%
-----------------
Mon Oct 18 13:55:24 2021
 : 46.8809%
-----------------
Mon Oct 18 13:55:27 2021
 : 45.6541%
-----------------
Mon Oct 18 13:55:30 2021
 : 46.8891%
-----------------
Mon Oct 18 13:55:33 2021
 : 47.2291%
-----------------
Mon Oct 18 13:55:36 2021
 : 47.1486%
-----------------
Mon Oct 18 13:55:44 2021
 : 42.3553%
-----------------
Mon Oct 18 13:55:47 2021
 : 42.6096%
-----------------
Mon Oct 18 13:55:50 2021
 : 41.3829%
-----------------
Mon Oct 18 13:55:53 2021
 : 42.6178%
-----------------
Mon Oct 18 13:55:56 2021
 : 42.9579%
-----------------
Mon Oct 18 13:55:59 2021
 : 42.8773%
-----------------
Mon Oct 18 13:56:04 2021
 : 60.5557%
-----------------
Mon Oct 18 13:56:07 2021
 : 60.8101%
-----------------
Mon Oct 18 13:56:10 2021
 : 59.5833%
-----------------
Mon Oct 18 13:56:13 2021
 : 60.8183%
-----------------
Mon Oct 18 13:56:16 2021
 : 61.1583%
-----------------
Mon Oct 18 13:56:19 2021
 : 61.0778%
-----------------
Mon Oct 18 13:56:25 2021
 : 45.2638%
-----------------
Mon Oct 18 13:56:28 2021
 : 45.5182%
-----------------
Mon Oct 18 13:57:17 2021
 : 51.7816%
-----------------
Mon Oct 18 13:57:20 2021
 : 52.0359%
-----------------
Mon Oct 18 13:57:23 2021
 : 50.8092%
-----------------
Mon Oct 18 13:57:26 2021
 : 52.0441%
-----------------
Mon Oct 18 13:57:29 2021
 : 52.3842%
-----------------
Mon Oct 18 13:57:32 2021
 : 52.3037%
-----------------
Mon Oct 18 13:59:59 2021
 : 48.395%
-----------------
Mon Oct 18 13:59:59 2021
 : 48.395%
-----------------
Mon Oct 18 14:00:02 2021
 : 48.6493%
-----------------
Mon Oct 18 14:00:02 2021
 : 48.6493%
-----------------
Mon Oct 18 14:00:05 2021
 : 47.4225%
-----------------
Mon Oct 18 14:00:05 2021
 : 47.4225%
-----------------
Mon Oct 18 14:00:08 2021
 : 48.6575%
-----------------
Mon Oct 18 14:00:08 2021
 : 48.6575%
-----------------
Mon Oct 18 14:00:11 2021
 : 48.9975%
-----------------
Mon Oct 18 14:00:11 2021
 : 48.9975%
-----------------
Mon Oct 18 14:00:14 2021
 : 48.917%
-----------------
Mon Oct 18 14:00:14 2021
 : 48.917%
-----------------
Mon Oct 18 14:00:47 2021
 : 58.8733%
-----------------
Mon Oct 18 14:00:50 2021
 : 59.1276%
-----------------
Mon Oct 18 14:00:53 2021
 : 57.9008%
-----------------
Mon Oct 18 14:00:56 2021
 : 59.1358%
-----------------
Mon Oct 18 14:00:59 2021
 : 59.4758%
-----------------
Mon Oct 18 14:01:02 2021
 : 59.3953%
-----------------
Mon Oct 18 14:01:14 2021
 : 50.6424%
-----------------
Mon Oct 18 14:01:17 2021
 : 50.8968%
-----------------
Mon Oct 18 14:01:20 2021
 : 49.67%
-----------------
Mon Oct 18 14:01:23 2021
 : 50.9049%
-----------------
Mon Oct 18 14:01:26 2021
 : 51.245%
-----------------
Mon Oct 18 14:01:29 2021
 : 51.1645%
-----------------
Mon Oct 18 14:01:36 2021
 : 57.8618%
-----------------
Mon Oct 18 14:01:39 2021
 : 58.1162%
-----------------
Mon Oct 18 14:01:42 2021
 : 56.8894%
-----------------
Mon Oct 18 14:01:45 2021
 : 58.1243%
-----------------
Mon Oct 18 14:01:48 2021
 : 58.4644%
-----------------
Mon Oct 18 14:01:51 2021
 : 58.3839%
-----------------
Mon Oct 18 14:02:43 2021
 : 64.0292%
-----------------
Mon Oct 18 14:02:46 2021
 : 64.2836%
-----------------
Mon Oct 18 14:02:49 2021
 : 63.0568%
-----------------
Mon Oct 18 14:02:52 2021
 : 64.2918%
-----------------
Mon Oct 18 14:02:55 2021
 : 64.6318%
-----------------
Mon Oct 18 14:02:58 2021
 : 64.5513%
-----------------
Mon Oct 18 14:05:53 2021
 : 48.9204%
-----------------
Mon Oct 18 14:05:56 2021
 : 49.1748%
-----------------
Mon Oct 18 14:05:59 2021
 : 47.948%
-----------------
Mon Oct 18 14:06:02 2021
 : 49.183%
-----------------
Mon Oct 18 14:06:05 2021
 : 49.523%
-----------------
Mon Oct 18 14:06:08 2021
 : 49.4425%
-----------------
Mon Oct 18 14:06:14 2021
 : 59.6302%
-----------------
Mon Oct 18 14:06:17 2021
 : 59.8846%
-----------------
Mon Oct 18 14:06:20 2021
 : 58.6578%
-----------------
Mon Oct 18 14:06:23 2021
 : 59.8928%
-----------------
Mon Oct 18 14:06:26 2021
 : 60.2328%
-----------------
Mon Oct 18 14:06:29 2021
 : 60.1523%
-----------------
Mon Oct 18 19:33:17 2021
 : 40%
-----------------
Mon Oct 18 19:33:20 2021
 : 40.2543%
-----------------
Mon Oct 18 19:33:23 2021
 : 40%
-----------------
Mon Oct 18 19:33:26 2021
 : 41.235%
-----------------
Mon Oct 18 19:33:30 2021
 : 41.575%
-----------------
Mon Oct 18 19:33:33 2021
 : 41.4945%
-----------------
Mon Oct 18 19:40:34 2021
 : 67.4045%
-----------------
Mon Oct 18 19:40:37 2021
 : 67.6588%
-----------------
Mon Oct 18 19:40:40 2021
 : 66.432%
-----------------
Mon Oct 18 19:40:43 2021
 : 67.667%
-----------------
Mon Oct 18 19:40:46 2021
 : 68.007%
-----------------
Mon Oct 18 19:40:49 2021
 : 67.9265%
-----------------
Mon Oct 18 19:44:51 2021
 : 58.464%
-----------------
Mon Oct 18 19:44:54 2021
 : 58.7183%
-----------------
Mon Oct 18 19:44:57 2021
 : 57.4916%
-----------------
Mon Oct 18 19:45:00 2021
 : 58.7265%
-----------------
Mon Oct 18 19:45:03 2021
 : 59.0666%
-----------------
Mon Oct 18 19:45:06 2021
 : 58.9861%
-----------------
Tue Oct 19 19:47:27 2021
 : 48.4621%
-----------------
Tue Oct 19 19:47:30 2021
 : 48.7165%
-----------------
Tue Oct 19 19:47:33 2021
 : 47.4897%
-----------------
Tue Oct 19 19:47:36 2021
 : 48.7246%
-----------------
Tue Oct 19 19:47:39 2021
 : 49.0647%
-----------------
Tue Oct 19 19:47:42 2021
 : 48.9842%
-----------------
Tue Oct 19 19:47:58 2021
 : 44.2709%
-----------------
Tue Oct 19 19:48:01 2021
 : 44.5252%
-----------------
Tue Oct 19 19:48:04 2021
 : 43.2984%
-----------------
Tue Oct 19 19:48:07 2021
 : 44.5334%
-----------------
Tue Oct 19 19:48:11 2021
 : 58.9008%
-----------------
Tue Oct 19 19:48:14 2021
 : 59.1551%
-----------------
Tue Oct 19 19:48:20 2021
 : 47.4892%
-----------------
Tue Oct 19 19:48:23 2021
 : 47.7436%
-----------------
Tue Oct 19 19:48:26 2021
 : 46.5168%
-----------------
Tue Oct 19 19:48:29 2021
 : 47.7518%
-----------------
Tue Oct 19 19:48:32 2021
 : 48.0918%
-----------------
Tue Oct 19 19:48:35 2021
 : 48.0113%
-----------------
Tue Oct 19 19:55:02 2021
 : 54.4938%
-----------------
Tue Oct 19 19:55:05 2021
 : 54.7481%
-----------------
Tue Oct 19 19:55:08 2021
 : 53.5213%
-----------------
Tue Oct 19 19:55:11 2021
 : 54.7563%
-----------------
Tue Oct 19 19:55:14 2021
 : 55.0963%
-----------------
Tue Oct 19 19:55:17 2021
 : 55.0158%
-----------------
