Mon Oct 18 10:57:08 2021
 : 30°C
-----------------
Mon Oct 18 10:57:13 2021
 : 30°C
-----------------
Mon Oct 18 11:07:39 2021
 : 18°C
-----------------
Mon Oct 18 11:07:42 2021
 : 19°C
-----------------
Mon Oct 18 11:07:45 2021
 : 19°C
-----------------
Mon Oct 18 11:07:48 2021
 : 19°C
-----------------
Mon Oct 18 11:07:51 2021
 : 20°C
-----------------
Mon Oct 18 11:07:54 2021
 : 20°C
-----------------
Mon Oct 18 11:10:16 2021
 : 20°C
-----------------
Mon Oct 18 11:10:19 2021
 : 21°C
-----------------
Mon Oct 18 11:10:22 2021
 : 21°C
-----------------
Mon Oct 18 11:10:25 2021
 : 21°C
-----------------
Mon Oct 18 11:10:28 2021
 : 22°C
-----------------
Mon Oct 18 11:10:31 2021
 : 22°C
-----------------
Mon Oct 18 11:11:43 2021
 : 30°C
-----------------
Mon Oct 18 11:11:46 2021
 : 30°C
-----------------
Mon Oct 18 11:11:49 2021
 : 30°C
-----------------
Mon Oct 18 11:11:52 2021
 : 30°C
-----------------
Mon Oct 18 11:11:55 2021
 : 30°C
-----------------
Mon Oct 18 11:11:58 2021
 : 30°C
-----------------
Mon Oct 18 11:12:36 2021
 : 28°C
-----------------
Mon Oct 18 11:12:39 2021
 : 29°C
-----------------
Mon Oct 18 11:12:42 2021
 : 29°C
-----------------
Mon Oct 18 11:12:45 2021
 : 29°C
-----------------
Mon Oct 18 11:12:48 2021
 : 30°C
-----------------
Mon Oct 18 11:12:51 2021
 : 30°C
-----------------
Mon Oct 18 11:14:33 2021
 : 25°C
-----------------
Mon Oct 18 11:14:36 2021
 : 26°C
-----------------
Mon Oct 18 11:14:39 2021
 : 26°C
-----------------
Mon Oct 18 11:14:42 2021
 : 26°C
-----------------
Mon Oct 18 11:14:45 2021
 : 27°C
-----------------
Mon Oct 18 11:14:48 2021
 : 27°C
-----------------
Mon Oct 18 11:15:31 2021
 : 22°C
-----------------
Mon Oct 18 11:15:34 2021
 : 23°C
-----------------
Mon Oct 18 11:15:37 2021
 : 23°C
-----------------
Mon Oct 18 11:15:40 2021
 : 23°C
-----------------
Mon Oct 18 11:15:43 2021
 : 24°C
-----------------
Mon Oct 18 11:15:46 2021
 : 24°C
-----------------
Mon Oct 18 12:37:58 2021
 : 19°C
-----------------
Mon Oct 18 12:38:01 2021
 : 20°C
-----------------
Mon Oct 18 12:55:30 2021
 : 25°C
-----------------
Mon Oct 18 12:55:33 2021
 : 26°C
-----------------
Mon Oct 18 12:55:36 2021
 : 26°C
-----------------
Mon Oct 18 12:55:39 2021
 : 26°C
-----------------
Mon Oct 18 12:55:42 2021
 : 27°C
-----------------
Mon Oct 18 12:55:45 2021
 : 27°C
-----------------
Mon Oct 18 13:13:05 2021
 : 18°C
-----------------
Mon Oct 18 13:13:08 2021
 : 19°C
-----------------
Mon Oct 18 13:13:11 2021
 : 19°C
-----------------
Mon Oct 18 13:13:14 2021
 : 19°C
-----------------
Mon Oct 18 13:13:17 2021
 : 20°C
-----------------
Mon Oct 18 13:13:20 2021
 : 20°C
-----------------
Mon Oct 18 13:20:02 2021
 : 27°C
-----------------
Mon Oct 18 13:20:05 2021
 : 27°C
-----------------
Mon Oct 18 13:20:08 2021
 : 26°C
-----------------
Mon Oct 18 13:20:11 2021
 : 26°C
-----------------
Mon Oct 18 13:20:14 2021
 : 26°C
-----------------
Mon Oct 18 13:20:17 2021
 : 25°C
-----------------
Mon Oct 18 13:21:19 2021
 : 27°C
-----------------
Mon Oct 18 13:21:22 2021
 : 27°C
-----------------
Mon Oct 18 13:21:25 2021
 : 26°C
-----------------
Mon Oct 18 13:21:28 2021
 : 26°C
-----------------
Mon Oct 18 13:21:31 2021
 : 26°C
-----------------
Mon Oct 18 13:21:34 2021
 : 25°C
-----------------
Mon Oct 18 13:26:05 2021
 : 27°C
-----------------
Mon Oct 18 13:26:08 2021
 : 27°C
-----------------
Mon Oct 18 13:26:11 2021
 : 26°C
-----------------
Mon Oct 18 13:26:14 2021
 : 26°C
-----------------
Mon Oct 18 13:26:17 2021
 : 26°C
-----------------
Mon Oct 18 13:26:20 2021
 : 25°C
-----------------
Mon Oct 18 13:37:15 2021
 : 28°C
-----------------
Mon Oct 18 13:37:18 2021
 : 28°C
-----------------
Mon Oct 18 13:37:21 2021
 : 27°C
-----------------
Mon Oct 18 13:37:24 2021
 : 27°C
-----------------
Mon Oct 18 13:37:27 2021
 : 27°C
-----------------
Mon Oct 18 13:37:30 2021
 : 26°C
-----------------
Mon Oct 18 13:38:39 2021
 : 28.0968°C
-----------------
Mon Oct 18 13:38:42 2021
 : 28.224°C
-----------------
Mon Oct 18 13:38:45 2021
 : 27.6106°C
-----------------
Mon Oct 18 13:38:48 2021
 : 28.2281°C
-----------------
Mon Oct 18 13:38:51 2021
 : 28.3981°C
-----------------
Mon Oct 18 13:38:54 2021
 : 28.3579°C
-----------------
Mon Oct 18 13:52:40 2021
 : 15.8065°C
-----------------
Mon Oct 18 13:52:43 2021
 : 15.9337°C
-----------------
Mon Oct 18 13:52:46 2021
 : 15.3203°C
-----------------
Mon Oct 18 13:52:49 2021
 : 15.9377°C
-----------------
Mon Oct 18 13:52:52 2021
 : 16.1078°C
-----------------
Mon Oct 18 13:52:55 2021
 : 16.0675°C
-----------------
Mon Oct 18 13:53:02 2021
 : 15.6895°C
-----------------
Mon Oct 18 13:53:05 2021
 : 15.8167°C
-----------------
Mon Oct 18 13:53:08 2021
 : 15.2033°C
-----------------
Mon Oct 18 13:53:11 2021
 : 15.8208°C
-----------------
Mon Oct 18 13:53:14 2021
 : 15.9908°C
-----------------
Mon Oct 18 13:53:17 2021
 : 15.9506°C
-----------------
Mon Oct 18 13:53:59 2021
 : 15.6591°C
-----------------
Mon Oct 18 13:54:02 2021
 : 15.7863°C
-----------------
Mon Oct 18 13:54:05 2021
 : 15.1729°C
-----------------
Mon Oct 18 13:54:08 2021
 : 15.7904°C
-----------------
Mon Oct 18 13:54:11 2021
 : 15.9604°C
-----------------
Mon Oct 18 13:54:14 2021
 : 15.9202°C
-----------------
Mon Oct 18 13:54:26 2021
 : 15°C
-----------------
Mon Oct 18 13:54:29 2021
 : 15.1272°C
-----------------
Mon Oct 18 13:54:32 2021
 : 15°C
-----------------
Mon Oct 18 13:54:35 2021
 : 15.6175°C
-----------------
Mon Oct 18 13:54:38 2021
 : 15.7875°C
-----------------
Mon Oct 18 13:54:41 2021
 : 15.7472°C
-----------------
Mon Oct 18 13:54:56 2021
 : 15.6287°C
-----------------
Mon Oct 18 13:54:59 2021
 : 15.7559°C
-----------------
Mon Oct 18 13:55:02 2021
 : 15.1425°C
-----------------
Mon Oct 18 13:55:05 2021
 : 15.76°C
-----------------
Mon Oct 18 13:55:08 2021
 : 15.93°C
-----------------
Mon Oct 18 13:55:11 2021
 : 15.8898°C
-----------------
Mon Oct 18 13:55:21 2021
 : 15.405°C
-----------------
Mon Oct 18 13:55:24 2021
 : 15.5322°C
-----------------
Mon Oct 18 13:55:27 2021
 : 15°C
-----------------
Mon Oct 18 13:55:30 2021
 : 15.6175°C
-----------------
Mon Oct 18 13:55:33 2021
 : 15.7875°C
-----------------
Mon Oct 18 13:55:36 2021
 : 15.7472°C
-----------------
Mon Oct 18 13:55:44 2021
 : 15.9191°C
-----------------
Mon Oct 18 13:55:47 2021
 : 16.0462°C
-----------------
Mon Oct 18 13:55:50 2021
 : 15.4328°C
-----------------
Mon Oct 18 13:55:53 2021
 : 16.0503°C
-----------------
Mon Oct 18 13:55:56 2021
 : 16.2203°C
-----------------
Mon Oct 18 13:55:59 2021
 : 16.1801°C
-----------------
Mon Oct 18 13:56:04 2021
 : 15°C
-----------------
Mon Oct 18 13:56:07 2021
 : 15.1272°C
-----------------
Mon Oct 18 13:56:10 2021
 : 15°C
-----------------
Mon Oct 18 13:56:13 2021
 : 15.6175°C
-----------------
Mon Oct 18 13:56:16 2021
 : 15.7875°C
-----------------
Mon Oct 18 13:56:19 2021
 : 15.7472°C
-----------------
Mon Oct 18 13:56:25 2021
 : 15.792°C
-----------------
Mon Oct 18 13:56:28 2021
 : 15.9192°C
-----------------
Mon Oct 18 13:57:17 2021
 : 15°C
-----------------
Mon Oct 18 13:57:20 2021
 : 15.1272°C
-----------------
Mon Oct 18 13:57:23 2021
 : 15°C
-----------------
Mon Oct 18 13:57:26 2021
 : 15.6175°C
-----------------
Mon Oct 18 13:57:29 2021
 : 15.7875°C
-----------------
Mon Oct 18 13:57:32 2021
 : 15.7472°C
-----------------
Mon Oct 18 13:59:59 2021
 : 15°C
-----------------
Mon Oct 18 13:59:59 2021
 : 15°C
-----------------
Mon Oct 18 14:00:02 2021
 : 15.1272°C
-----------------
Mon Oct 18 14:00:02 2021
 : 15.1272°C
-----------------
Mon Oct 18 14:00:05 2021
 : 15°C
-----------------
Mon Oct 18 14:00:05 2021
 : 15°C
-----------------
Mon Oct 18 14:00:08 2021
 : 15.6175°C
-----------------
Mon Oct 18 14:00:08 2021
 : 15.6175°C
-----------------
Mon Oct 18 14:00:11 2021
 : 15.7875°C
-----------------
Mon Oct 18 14:00:11 2021
 : 15.7875°C
-----------------
Mon Oct 18 14:00:14 2021
 : 15.7472°C
-----------------
Mon Oct 18 14:00:14 2021
 : 15.7472°C
-----------------
Mon Oct 18 14:00:47 2021
 : 19.5152°C
-----------------
Mon Oct 18 14:00:50 2021
 : 19.6424°C
-----------------
Mon Oct 18 14:00:53 2021
 : 19.029°C
-----------------
Mon Oct 18 14:00:56 2021
 : 19.6465°C
-----------------
Mon Oct 18 14:00:59 2021
 : 19.8165°C
-----------------
Mon Oct 18 14:01:02 2021
 : 19.7763°C
-----------------
Mon Oct 18 14:01:14 2021
 : 20.5401°C
-----------------
Mon Oct 18 14:01:17 2021
 : 20.6672°C
-----------------
Mon Oct 18 14:01:20 2021
 : 20.0538°C
-----------------
Mon Oct 18 14:01:23 2021
 : 20.6713°C
-----------------
Mon Oct 18 14:01:26 2021
 : 20.8413°C
-----------------
Mon Oct 18 14:01:29 2021
 : 20.8011°C
-----------------
Mon Oct 18 14:01:36 2021
 : 20.4121°C
-----------------
Mon Oct 18 14:01:39 2021
 : 20.5393°C
-----------------
Mon Oct 18 14:01:42 2021
 : 19.9259°C
-----------------
Mon Oct 18 14:01:45 2021
 : 20.5434°C
-----------------
Mon Oct 18 14:01:48 2021
 : 20.7134°C
-----------------
Mon Oct 18 14:01:51 2021
 : 20.6731°C
-----------------
Mon Oct 18 14:02:43 2021
 : 15°C
-----------------
Mon Oct 18 14:02:46 2021
 : 15.3815°C
-----------------
Mon Oct 18 14:02:49 2021
 : 15°C
-----------------
Mon Oct 18 14:02:52 2021
 : 16.8524°C
-----------------
Mon Oct 18 14:02:55 2021
 : 17.3625°C
-----------------
Mon Oct 18 14:02:58 2021
 : 17.2417°C
-----------------
Mon Oct 18 14:05:53 2021
 : 41.3889°C
-----------------
Mon Oct 18 14:05:56 2021
 : 41.7704°C
-----------------
Mon Oct 18 14:05:59 2021
 : 40°C
-----------------
Mon Oct 18 14:06:02 2021
 : 41.8524°C
-----------------
Mon Oct 18 14:06:05 2021
 : 42.3625°C
-----------------
Mon Oct 18 14:06:08 2021
 : 42.2417°C
-----------------
Mon Oct 18 14:06:14 2021
 : 40°C
-----------------
Mon Oct 18 14:06:17 2021
 : 40.3815°C
-----------------
Mon Oct 18 14:06:20 2021
 : 40°C
-----------------
Mon Oct 18 14:06:23 2021
 : 41.8524°C
-----------------
Mon Oct 18 14:06:26 2021
 : 42.3625°C
-----------------
Mon Oct 18 14:06:29 2021
 : 42.2417°C
-----------------
Mon Oct 18 19:33:17 2021
 : 42.8576°C
-----------------
Mon Oct 18 19:33:20 2021
 : 43.2391°C
-----------------
Mon Oct 18 19:33:23 2021
 : 41.399°C
-----------------
Mon Oct 18 19:33:26 2021
 : 43.2514°C
-----------------
Mon Oct 18 19:33:30 2021
 : 43.7615°C
-----------------
Mon Oct 18 19:33:33 2021
 : 43.6407°C
-----------------
Mon Oct 18 19:40:34 2021
 : 15°C
-----------------
Mon Oct 18 19:40:37 2021
 : 15.3815°C
-----------------
Mon Oct 18 19:40:40 2021
 : 15°C
-----------------
Mon Oct 18 19:40:43 2021
 : 16.8524°C
-----------------
Mon Oct 18 19:40:46 2021
 : 17.3625°C
-----------------
Mon Oct 18 19:40:49 2021
 : 17.2417°C
-----------------
Mon Oct 18 19:44:51 2021
 : 15°C
-----------------
Mon Oct 18 19:44:54 2021
 : 15.3815°C
-----------------
Mon Oct 18 19:44:57 2021
 : 15°C
-----------------
Mon Oct 18 19:45:00 2021
 : 16.8524°C
-----------------
Mon Oct 18 19:45:03 2021
 : 17.3625°C
-----------------
Mon Oct 18 19:45:06 2021
 : 17.2417°C
-----------------
Tue Oct 19 19:47:27 2021
 : 21.7763°C
-----------------
Tue Oct 19 19:47:30 2021
 : 22.1578°C
-----------------
Tue Oct 19 19:47:33 2021
 : 20.3176°C
-----------------
Tue Oct 19 19:47:36 2021
 : 22.1701°C
-----------------
Tue Oct 19 19:47:39 2021
 : 22.6801°C
-----------------
Tue Oct 19 19:47:42 2021
 : 22.5594°C
-----------------
Tue Oct 19 19:47:58 2021
 : 26.371°C
-----------------
Tue Oct 19 19:48:01 2021
 : 26.7525°C
-----------------
Tue Oct 19 19:48:04 2021
 : 24.9124°C
-----------------
Tue Oct 19 19:48:07 2021
 : 26.7648°C
-----------------
Tue Oct 19 19:48:11 2021
 : 26.9427°C
-----------------
Tue Oct 19 19:48:14 2021
 : 27.3242°C
-----------------
Tue Oct 19 19:48:20 2021
 : 25.9543°C
-----------------
Tue Oct 19 19:48:23 2021
 : 26.3358°C
-----------------
Tue Oct 19 19:48:26 2021
 : 24.4956°C
-----------------
Tue Oct 19 19:48:29 2021
 : 26.348°C
-----------------
Tue Oct 19 19:48:32 2021
 : 26.8581°C
-----------------
Tue Oct 19 19:48:35 2021
 : 26.7373°C
-----------------
Tue Oct 19 19:55:02 2021
 : 23.7945°C
-----------------
Tue Oct 19 19:55:05 2021
 : 24.1761°C
-----------------
Tue Oct 19 19:55:08 2021
 : 22.3359°C
-----------------
Tue Oct 19 19:55:11 2021
 : 24.1883°C
-----------------
Tue Oct 19 19:55:14 2021
 : 24.6984°C
-----------------
Tue Oct 19 19:55:17 2021
 : 24.5776°C
-----------------
